#
# A fatal error has been detected by the Java Runtime Environment:
#
#  SIGSEGV (0xb) at pc=0x0000000106d7eb94, pid=4463, tid=5123
#
# JRE version: Java(TM) SE Runtime Environment 18.9 (11.0.17+10) (build 11.0.17+10-LTS-269)
# Java VM: Java HotSpot(TM) 64-Bit Server VM 18.9 (11.0.17+10-LTS-269, mixed mode, tiered, compressed oops, g1 gc, bsd-amd64)
# Problematic frame:
# V  [libjvm.dylib+0x758b94]  EnableIf<HasDecorator<1097844ull, MO_UNORDERED>::value, oopDesc*>::type RawAccessBarrier<1097844ull>::load_internal<1097844ull, oopDesc*>(void*)+0x4
#
# No core dump will be written. Core dumps have been disabled. To enable core dumping, try "ulimit -c unlimited" before starting Java again
#
# If you would like to submit a bug report, please visit:
#   https://bugreport.java.com/bugreport/crash.jsp
#

---------------  S U M M A R Y ------------

Command Line: -Dfile.encoding=UTF-8 org.apache.catalina.startup.Tomcat$1

Host: MacBookPro14,1 x86_64 2300 MHz, 4 cores, 8G, Darwin 22.2.0
Time: Mon Feb 27 20:15:19 2023 EST elapsed time: 0.228976 seconds (0d 0h 0m 0s)

---------------  T H R E A D  ---------------

Current thread (0x00007fa0e4809000):  JavaThread "main" [_thread_in_vm, id=5123, stack(0x0000700008c2f000,0x0000700008d2f000)]

Stack: [0x0000700008c2f000,0x0000700008d2f000],  sp=0x0000700008d2edc0,  free space=1023k
Native frames: (J=compiled Java code, j=interpreted, Vv=VM code, C=native code)
V  [libjvm.dylib+0x758b94]  EnableIf<HasDecorator<1097844ull, MO_UNORDERED>::value, oopDesc*>::type RawAccessBarrier<1097844ull>::load_internal<1097844ull, oopDesc*>(void*)+0x4
V  [libjvm.dylib+0x758b59]  oopDesc* RawAccessBarrier<1097844ull>::oop_load<oopDesc*>(void*)+0x9
V  [libjvm.dylib+0x758bcb]  oopDesc* G1BarrierSet::AccessBarrier<1097844ull, G1BarrierSet>::oop_load_not_in_heap<oopDesc*>(oopDesc**)+0xb
V  [libjvm.dylib+0x3e1bf0]  jni_GetStringUTFChars+0xe0
C  [libjli.dylib+0x7094]  PostJVMInit+0xa6
C  [libjli.dylib+0x4a47]  JavaMain+0xa3d
C  [libjli.dylib+0x6d43]  ThreadJavaMain+0x9
C  [libsystem_pthread.dylib+0x6259]  _pthread_start+0x7d
C  [libsystem_pthread.dylib+0x1c7b]  thread_start+0xf


siginfo: si_signo: 11 (SIGSEGV), si_code: 1 (SEGV_MAPERR), si_addr: 0x0000000000000000

Register to memory mapping:

RAX=0x0 is NULL
RBX=0x0 is NULL
RCX=0x0000000106f65c01: _ZGVZ15size_adjustmentI14JfrMemorySpaceI19JfrStringPoolBuffer28JfrMspaceSequentialRetrieval13JfrStringPoolEEmmPT_E13min_elem_size+0x1 in /Library/Java/JavaVirtualMachines/jdk-11.0.17.jdk/Contents/Home/lib/server/libjvm.dylib at 0x0000000106626000
RDX=0x0 is NULL
RSP=0x0000700008d2edc0 is pointing into the stack for thread: 0x00007fa0e4809000
RBP=0x0000700008d2edc0 is pointing into the stack for thread: 0x00007fa0e4809000
RSI=0x0 is NULL
RDI=0x0 is NULL
R8 =0x0000000105f7147b points into unknown readable memory: 20 20 20 20 20
R9 =0x0 is NULL
R10=0x0000000106fc2a40: _ZN19TemplateInterpreter13_active_tableE+0x4800 in /Library/Java/JavaVirtualMachines/jdk-11.0.17.jdk/Contents/Home/lib/server/libjvm.dylib at 0x0000000106626000
R11=0x0000000123e87b00 is pointing into metadata
R12=0x00007fa0e4809348 points into unknown readable memory: 0x0000000106f65c30 | 30 5c f6 06 01 00 00 00
R13=0x0 is NULL
R14=0x00007fa0e4809000 is a thread
R15=0x0 is NULL


Registers:
RAX=0x0000000000000000, RBX=0x0000000000000000, RCX=0x0000000106f65c01, RDX=0x0000000000000000
RSP=0x0000700008d2edc0, RBP=0x0000700008d2edc0, RSI=0x0000000000000000, RDI=0x0000000000000000
R8 =0x0000000105f7147b, R9 =0x0000000000000000, R10=0x0000000106fc2a40, R11=0x0000000123e87b00
R12=0x00007fa0e4809348, R13=0x0000000000000000, R14=0x00007fa0e4809000, R15=0x0000000000000000
RIP=0x0000000106d7eb94, EFLAGS=0x0000000000010246, ERR=0x0000000000000004
  TRAPNO=0x000000000000000e

Top of Stack: (sp=0x0000700008d2edc0)
0x0000700008d2edc0:   0000700008d2edd0 0000000106d7eb59
0x0000700008d2edd0:   0000700008d2edf0 0000000106d7ebcb
0x0000700008d2ede0:   0000000000000000 0000000000000000
0x0000700008d2edf0:   0000700008d2ee80 0000000106a07bf0
0x0000700008d2ee00:   0000000106fb7e01 00007fa0e4809000
0x0000700008d2ee10:   0000700008d2ee30 0000000106d7c06a
0x0000700008d2ee20:   0000000106f640e1 00007fa0e4809000
0x0000700008d2ee30:   0000000000000000 0000000106d7c034
0x0000700008d2ee40:   0000000000000000 00007fa0e4809000
0x0000700008d2ee50:   0000700008d2ee80 00007fa0e4809348
0x0000700008d2ee60:   00007fa0e38053d0 0000000000000000
0x0000700008d2ee70:   0000000000000000 00007fa0e38053d8
0x0000700008d2ee80:   0000700008d2ef10 00000001058a8094
0x0000700008d2ee90:   0000000106fb7e01 00007fa0e4809000
0x0000700008d2eea0:   0000700008d2eec0 0000000106d7c06a
0x0000700008d2eeb0:   0000000106f640e1 00007fa0e4809000
0x0000700008d2eec0:   0000700008d2eee0 0000000106d7c034
0x0000700008d2eed0:   0000600003358b00 0000000000000000
0x0000700008d2eee0:   0000700008d2ef10 cd4d56adaae90061
0x0000700008d2eef0:   00007fa0e4809348 00007fa0e38053d0
0x0000700008d2ef00:   00007fa0e38053e8 00007fa0e38053d8
0x0000700008d2ef10:   0000700008d2efa0 00000001058a5a47
0x0000700008d2ef20:   0000000000000000 0005f5b85431b2f2
0x0000700008d2ef30:   0000000400010002 0000600003358680
0x0000700008d2ef40:   0000000000000000 0000000000000000
0x0000700008d2ef50:   0000600002858418 0000000000000001
0x0000700008d2ef60:   0000600002854d50 00007fa0e4809348
0x0000700008d2ef70:   0000000106f65c28 0000700008d2f000
0x0000700008d2ef80:   0000000000000000 0000000000000000
0x0000700008d2ef90:   0000000000000000 0000000000000000
0x0000700008d2efa0:   0000700008d2efb0 00000001058a7d43
0x0000700008d2efb0:   0000700008d2efd0 00007ff818872259 

Instructions: (pc=0x0000000106d7eb94)
0x0000000106d7eb74:   5d e9 16 00 00 00 66 0f 1f 44 00 00 55 48 89 e5
0x0000000106d7eb84:   5d e9 16 00 00 00 66 0f 1f 44 00 00 55 48 89 e5
0x0000000106d7eb94:   48 8b 07 5d c3 0f 1f 80 00 00 00 00 55 48 89 e5
0x0000000106d7eba4:   48 89 f8 5d c3 0f 1f 80 00 00 00 00 55 48 89 e5 

Stack slot to memory mapping:
stack at sp + 0 slots: 0x0000700008d2edd0 is pointing into the stack for thread: 0x00007fa0e4809000
stack at sp + 1 slots: 0x0000000106d7eb59: _ZN16RawAccessBarrierILy1097844EE8oop_loadIP7oopDescEET_Pv+0x9 in /Library/Java/JavaVirtualMachines/jdk-11.0.17.jdk/Contents/Home/lib/server/libjvm.dylib at 0x0000000106626000
stack at sp + 2 slots: 0x0000700008d2edf0 is pointing into the stack for thread: 0x00007fa0e4809000
stack at sp + 3 slots: 0x0000000106d7ebcb: _ZN12G1BarrierSet13AccessBarrierILy1097844ES_E20oop_load_not_in_heapIP7oopDescEES4_PT_+0xb in /Library/Java/JavaVirtualMachines/jdk-11.0.17.jdk/Contents/Home/lib/server/libjvm.dylib at 0x0000000106626000
stack at sp + 4 slots: 0x0 is NULL
stack at sp + 5 slots: 0x0 is NULL
stack at sp + 6 slots: 0x0000700008d2ee80 is pointing into the stack for thread: 0x00007fa0e4809000
stack at sp + 7 slots: 0x0000000106a07bf0: jni_GetStringUTFChars+0xe0 in /Library/Java/JavaVirtualMachines/jdk-11.0.17.jdk/Contents/Home/lib/server/libjvm.dylib at 0x0000000106626000


---------------  P R O C E S S  ---------------

Threads class SMR info:
_java_thread_list=0x000060000265bbe0, length=9, elements={
0x00007fa0e4809000, 0x00007fa0e407f000, 0x00007fa0e4082000, 0x00007fa0e301d000,
0x00007fa0e4085800, 0x00007fa0e4086800, 0x00007fa0e301e000, 0x00007fa0e4087800,
0x00007fa0e480f800
}

Java Threads: ( => current thread )
=>0x00007fa0e4809000 JavaThread "main" [_thread_in_vm, id=5123, stack(0x0000700008c2f000,0x0000700008d2f000)]
  0x00007fa0e407f000 JavaThread "Reference Handler" daemon [_thread_blocked, id=16899, stack(0x0000700009344000,0x0000700009444000)]
  0x00007fa0e4082000 JavaThread "Finalizer" daemon [_thread_blocked, id=17155, stack(0x0000700009447000,0x0000700009547000)]
  0x00007fa0e301d000 JavaThread "Signal Dispatcher" daemon [_thread_blocked, id=18947, stack(0x0000700009650000,0x0000700009750000)]
  0x00007fa0e4085800 JavaThread "Service Thread" daemon [_thread_blocked, id=22275, stack(0x0000700009753000,0x0000700009853000)]
  0x00007fa0e4086800 JavaThread "C2 CompilerThread0" daemon [_thread_blocked, id=22787, stack(0x0000700009856000,0x0000700009956000)]
  0x00007fa0e301e000 JavaThread "C1 CompilerThread0" daemon [_thread_blocked, id=23043, stack(0x0000700009959000,0x0000700009a59000)]
  0x00007fa0e4087800 JavaThread "Sweeper thread" daemon [_thread_blocked, id=23555, stack(0x0000700009a5c000,0x0000700009b5c000)]
  0x00007fa0e480f800 JavaThread "Common-Cleaner" daemon [_thread_blocked, id=30979, stack(0x0000700009c62000,0x0000700009d62000)]

Other Threads:
  0x00007fa0e407c000 VMThread "VM Thread" [stack: 0x0000700009241000,0x0000700009341000] [id=16387]
  0x00007fa0e4089000 WatcherThread [stack: 0x0000700009b5f000,0x0000700009c5f000] [id=31491]
  0x00007fa0e4809800 GCTaskThread "GC Thread#0" [stack: 0x0000700008d32000,0x0000700008e32000] [id=15363]
  0x00007fa0e4838800 ConcurrentGCThread "G1 Main Marker" [stack: 0x0000700008e35000,0x0000700008f35000] [id=15107]
  0x00007fa0e4839800 ConcurrentGCThread "G1 Conc#0" [stack: 0x0000700008f38000,0x0000700009038000] [id=14339]
  0x00007fa0e3015000 ConcurrentGCThread "G1 Refine#0" [stack: 0x000070000903b000,0x000070000913b000] [id=12291]
  0x00007fa0e405c800 ConcurrentGCThread "G1 Young RemSet Sampling" [stack: 0x000070000913e000,0x000070000923e000] [id=12803]

Threads with active compile tasks:

VM state:not at safepoint (normal execution)

VM Mutex/Monitor currently owned by a thread: None

Heap address: 0x0000000780000000, size: 2048 MB, Compressed Oops mode: Zero based, Oop shift amount: 3
Narrow klass base: 0x0000000800000000, Narrow klass shift: 0
Compressed class space size: 1073741824 Address: 0x0000000800000000

Heap:
 garbage-first heap   total 131072K, used 1024K [0x0000000780000000, 0x0000000800000000)
  region size 1024K, 3 young (3072K), 0 survivors (0K)
 Metaspace       used 5023K, capacity 5172K, committed 5376K, reserved 1056768K
  class space    used 440K, capacity 468K, committed 512K, reserved 1048576K
Heap Regions: E=young(eden), S=young(survivor), O=old, HS=humongous(starts), HC=humongous(continues), CS=collection set, F=free, A=archive, TAMS=top-at-mark-start (previous, next)
|   0|0x0000000780000000, 0x0000000780000000, 0x0000000780100000|  0%| F|  |TAMS 0x0000000780000000, 0x0000000780000000| Untracked 
|   1|0x0000000780100000, 0x0000000780100000, 0x0000000780200000|  0%| F|  |TAMS 0x0000000780100000, 0x0000000780100000| Untracked 
|   2|0x0000000780200000, 0x0000000780200000, 0x0000000780300000|  0%| F|  |TAMS 0x0000000780200000, 0x0000000780200000| Untracked 
|   3|0x0000000780300000, 0x0000000780300000, 0x0000000780400000|  0%| F|  |TAMS 0x0000000780300000, 0x0000000780300000| Untracked 
|   4|0x0000000780400000, 0x0000000780400000, 0x0000000780500000|  0%| F|  |TAMS 0x0000000780400000, 0x0000000780400000| Untracked 
|   5|0x0000000780500000, 0x0000000780500000, 0x0000000780600000|  0%| F|  |TAMS 0x0000000780500000, 0x0000000780500000| Untracked 
|   6|0x0000000780600000, 0x0000000780600000, 0x0000000780700000|  0%| F|  |TAMS 0x0000000780600000, 0x0000000780600000| Untracked 
|   7|0x0000000780700000, 0x0000000780700000, 0x0000000780800000|  0%| F|  |TAMS 0x0000000780700000, 0x0000000780700000| Untracked 
|   8|0x0000000780800000, 0x0000000780800000, 0x0000000780900000|  0%| F|  |TAMS 0x0000000780800000, 0x0000000780800000| Untracked 
|   9|0x0000000780900000, 0x0000000780900000, 0x0000000780a00000|  0%| F|  |TAMS 0x0000000780900000, 0x0000000780900000| Untracked 
|  10|0x0000000780a00000, 0x0000000780a00000, 0x0000000780b00000|  0%| F|  |TAMS 0x0000000780a00000, 0x0000000780a00000| Untracked 
|  11|0x0000000780b00000, 0x0000000780b00000, 0x0000000780c00000|  0%| F|  |TAMS 0x0000000780b00000, 0x0000000780b00000| Untracked 
|  12|0x0000000780c00000, 0x0000000780c00000, 0x0000000780d00000|  0%| F|  |TAMS 0x0000000780c00000, 0x0000000780c00000| Untracked 
|  13|0x0000000780d00000, 0x0000000780d00000, 0x0000000780e00000|  0%| F|  |TAMS 0x0000000780d00000, 0x0000000780d00000| Untracked 
|  14|0x0000000780e00000, 0x0000000780e00000, 0x0000000780f00000|  0%| F|  |TAMS 0x0000000780e00000, 0x0000000780e00000| Untracked 
|  15|0x0000000780f00000, 0x0000000780f00000, 0x0000000781000000|  0%| F|  |TAMS 0x0000000780f00000, 0x0000000780f00000| Untracked 
|  16|0x0000000781000000, 0x0000000781000000, 0x0000000781100000|  0%| F|  |TAMS 0x0000000781000000, 0x0000000781000000| Untracked 
|  17|0x0000000781100000, 0x0000000781100000, 0x0000000781200000|  0%| F|  |TAMS 0x0000000781100000, 0x0000000781100000| Untracked 
|  18|0x0000000781200000, 0x0000000781200000, 0x0000000781300000|  0%| F|  |TAMS 0x0000000781200000, 0x0000000781200000| Untracked 
|  19|0x0000000781300000, 0x0000000781300000, 0x0000000781400000|  0%| F|  |TAMS 0x0000000781300000, 0x0000000781300000| Untracked 
|  20|0x0000000781400000, 0x0000000781400000, 0x0000000781500000|  0%| F|  |TAMS 0x0000000781400000, 0x0000000781400000| Untracked 
|  21|0x0000000781500000, 0x0000000781500000, 0x0000000781600000|  0%| F|  |TAMS 0x0000000781500000, 0x0000000781500000| Untracked 
|  22|0x0000000781600000, 0x0000000781600000, 0x0000000781700000|  0%| F|  |TAMS 0x0000000781600000, 0x0000000781600000| Untracked 
|  23|0x0000000781700000, 0x0000000781700000, 0x0000000781800000|  0%| F|  |TAMS 0x0000000781700000, 0x0000000781700000| Untracked 
|  24|0x0000000781800000, 0x0000000781800000, 0x0000000781900000|  0%| F|  |TAMS 0x0000000781800000, 0x0000000781800000| Untracked 
|  25|0x0000000781900000, 0x0000000781900000, 0x0000000781a00000|  0%| F|  |TAMS 0x0000000781900000, 0x0000000781900000| Untracked 
|  26|0x0000000781a00000, 0x0000000781a00000, 0x0000000781b00000|  0%| F|  |TAMS 0x0000000781a00000, 0x0000000781a00000| Untracked 
|  27|0x0000000781b00000, 0x0000000781b00000, 0x0000000781c00000|  0%| F|  |TAMS 0x0000000781b00000, 0x0000000781b00000| Untracked 
|  28|0x0000000781c00000, 0x0000000781c00000, 0x0000000781d00000|  0%| F|  |TAMS 0x0000000781c00000, 0x0000000781c00000| Untracked 
|  29|0x0000000781d00000, 0x0000000781d00000, 0x0000000781e00000|  0%| F|  |TAMS 0x0000000781d00000, 0x0000000781d00000| Untracked 
|  30|0x0000000781e00000, 0x0000000781e00000, 0x0000000781f00000|  0%| F|  |TAMS 0x0000000781e00000, 0x0000000781e00000| Untracked 
|  31|0x0000000781f00000, 0x0000000781f00000, 0x0000000782000000|  0%| F|  |TAMS 0x0000000781f00000, 0x0000000781f00000| Untracked 
|  32|0x0000000782000000, 0x0000000782000000, 0x0000000782100000|  0%| F|  |TAMS 0x0000000782000000, 0x0000000782000000| Untracked 
|  33|0x0000000782100000, 0x0000000782100000, 0x0000000782200000|  0%| F|  |TAMS 0x0000000782100000, 0x0000000782100000| Untracked 
|  34|0x0000000782200000, 0x0000000782200000, 0x0000000782300000|  0%| F|  |TAMS 0x0000000782200000, 0x0000000782200000| Untracked 
|  35|0x0000000782300000, 0x0000000782300000, 0x0000000782400000|  0%| F|  |TAMS 0x0000000782300000, 0x0000000782300000| Untracked 
|  36|0x0000000782400000, 0x0000000782400000, 0x0000000782500000|  0%| F|  |TAMS 0x0000000782400000, 0x0000000782400000| Untracked 
|  37|0x0000000782500000, 0x0000000782500000, 0x0000000782600000|  0%| F|  |TAMS 0x0000000782500000, 0x0000000782500000| Untracked 
|  38|0x0000000782600000, 0x0000000782600000, 0x0000000782700000|  0%| F|  |TAMS 0x0000000782600000, 0x0000000782600000| Untracked 
|  39|0x0000000782700000, 0x0000000782700000, 0x0000000782800000|  0%| F|  |TAMS 0x0000000782700000, 0x0000000782700000| Untracked 
|  40|0x0000000782800000, 0x0000000782800000, 0x0000000782900000|  0%| F|  |TAMS 0x0000000782800000, 0x0000000782800000| Untracked 
|  41|0x0000000782900000, 0x0000000782900000, 0x0000000782a00000|  0%| F|  |TAMS 0x0000000782900000, 0x0000000782900000| Untracked 
|  42|0x0000000782a00000, 0x0000000782a00000, 0x0000000782b00000|  0%| F|  |TAMS 0x0000000782a00000, 0x0000000782a00000| Untracked 
|  43|0x0000000782b00000, 0x0000000782b00000, 0x0000000782c00000|  0%| F|  |TAMS 0x0000000782b00000, 0x0000000782b00000| Untracked 
|  44|0x0000000782c00000, 0x0000000782c00000, 0x0000000782d00000|  0%| F|  |TAMS 0x0000000782c00000, 0x0000000782c00000| Untracked 
|  45|0x0000000782d00000, 0x0000000782d00000, 0x0000000782e00000|  0%| F|  |TAMS 0x0000000782d00000, 0x0000000782d00000| Untracked 
|  46|0x0000000782e00000, 0x0000000782e00000, 0x0000000782f00000|  0%| F|  |TAMS 0x0000000782e00000, 0x0000000782e00000| Untracked 
|  47|0x0000000782f00000, 0x0000000782f00000, 0x0000000783000000|  0%| F|  |TAMS 0x0000000782f00000, 0x0000000782f00000| Untracked 
|  48|0x0000000783000000, 0x0000000783000000, 0x0000000783100000|  0%| F|  |TAMS 0x0000000783000000, 0x0000000783000000| Untracked 
|  49|0x0000000783100000, 0x0000000783100000, 0x0000000783200000|  0%| F|  |TAMS 0x0000000783100000, 0x0000000783100000| Untracked 
|  50|0x0000000783200000, 0x0000000783200000, 0x0000000783300000|  0%| F|  |TAMS 0x0000000783200000, 0x0000000783200000| Untracked 
|  51|0x0000000783300000, 0x0000000783300000, 0x0000000783400000|  0%| F|  |TAMS 0x0000000783300000, 0x0000000783300000| Untracked 
|  52|0x0000000783400000, 0x0000000783400000, 0x0000000783500000|  0%| F|  |TAMS 0x0000000783400000, 0x0000000783400000| Untracked 
|  53|0x0000000783500000, 0x0000000783500000, 0x0000000783600000|  0%| F|  |TAMS 0x0000000783500000, 0x0000000783500000| Untracked 
|  54|0x0000000783600000, 0x0000000783600000, 0x0000000783700000|  0%| F|  |TAMS 0x0000000783600000, 0x0000000783600000| Untracked 
|  55|0x0000000783700000, 0x0000000783700000, 0x0000000783800000|  0%| F|  |TAMS 0x0000000783700000, 0x0000000783700000| Untracked 
|  56|0x0000000783800000, 0x0000000783800000, 0x0000000783900000|  0%| F|  |TAMS 0x0000000783800000, 0x0000000783800000| Untracked 
|  57|0x0000000783900000, 0x0000000783900000, 0x0000000783a00000|  0%| F|  |TAMS 0x0000000783900000, 0x0000000783900000| Untracked 
|  58|0x0000000783a00000, 0x0000000783a00000, 0x0000000783b00000|  0%| F|  |TAMS 0x0000000783a00000, 0x0000000783a00000| Untracked 
|  59|0x0000000783b00000, 0x0000000783b00000, 0x0000000783c00000|  0%| F|  |TAMS 0x0000000783b00000, 0x0000000783b00000| Untracked 
|  60|0x0000000783c00000, 0x0000000783c00000, 0x0000000783d00000|  0%| F|  |TAMS 0x0000000783c00000, 0x0000000783c00000| Untracked 
|  61|0x0000000783d00000, 0x0000000783d00000, 0x0000000783e00000|  0%| F|  |TAMS 0x0000000783d00000, 0x0000000783d00000| Untracked 
|  62|0x0000000783e00000, 0x0000000783e00000, 0x0000000783f00000|  0%| F|  |TAMS 0x0000000783e00000, 0x0000000783e00000| Untracked 
|  63|0x0000000783f00000, 0x0000000783f00000, 0x0000000784000000|  0%| F|  |TAMS 0x0000000783f00000, 0x0000000783f00000| Untracked 
|  64|0x0000000784000000, 0x0000000784000000, 0x0000000784100000|  0%| F|  |TAMS 0x0000000784000000, 0x0000000784000000| Untracked 
|  65|0x0000000784100000, 0x0000000784100000, 0x0000000784200000|  0%| F|  |TAMS 0x0000000784100000, 0x0000000784100000| Untracked 
|  66|0x0000000784200000, 0x0000000784200000, 0x0000000784300000|  0%| F|  |TAMS 0x0000000784200000, 0x0000000784200000| Untracked 
|  67|0x0000000784300000, 0x0000000784300000, 0x0000000784400000|  0%| F|  |TAMS 0x0000000784300000, 0x0000000784300000| Untracked 
|  68|0x0000000784400000, 0x0000000784400000, 0x0000000784500000|  0%| F|  |TAMS 0x0000000784400000, 0x0000000784400000| Untracked 
|  69|0x0000000784500000, 0x0000000784500000, 0x0000000784600000|  0%| F|  |TAMS 0x0000000784500000, 0x0000000784500000| Untracked 
|  70|0x0000000784600000, 0x0000000784600000, 0x0000000784700000|  0%| F|  |TAMS 0x0000000784600000, 0x0000000784600000| Untracked 
|  71|0x0000000784700000, 0x0000000784700000, 0x0000000784800000|  0%| F|  |TAMS 0x0000000784700000, 0x0000000784700000| Untracked 
|  72|0x0000000784800000, 0x0000000784800000, 0x0000000784900000|  0%| F|  |TAMS 0x0000000784800000, 0x0000000784800000| Untracked 
|  73|0x0000000784900000, 0x0000000784900000, 0x0000000784a00000|  0%| F|  |TAMS 0x0000000784900000, 0x0000000784900000| Untracked 
|  74|0x0000000784a00000, 0x0000000784a00000, 0x0000000784b00000|  0%| F|  |TAMS 0x0000000784a00000, 0x0000000784a00000| Untracked 
|  75|0x0000000784b00000, 0x0000000784b00000, 0x0000000784c00000|  0%| F|  |TAMS 0x0000000784b00000, 0x0000000784b00000| Untracked 
|  76|0x0000000784c00000, 0x0000000784c00000, 0x0000000784d00000|  0%| F|  |TAMS 0x0000000784c00000, 0x0000000784c00000| Untracked 
|  77|0x0000000784d00000, 0x0000000784d00000, 0x0000000784e00000|  0%| F|  |TAMS 0x0000000784d00000, 0x0000000784d00000| Untracked 
|  78|0x0000000784e00000, 0x0000000784e00000, 0x0000000784f00000|  0%| F|  |TAMS 0x0000000784e00000, 0x0000000784e00000| Untracked 
|  79|0x0000000784f00000, 0x0000000784f00000, 0x0000000785000000|  0%| F|  |TAMS 0x0000000784f00000, 0x0000000784f00000| Untracked 
|  80|0x0000000785000000, 0x0000000785000000, 0x0000000785100000|  0%| F|  |TAMS 0x0000000785000000, 0x0000000785000000| Untracked 
|  81|0x0000000785100000, 0x0000000785100000, 0x0000000785200000|  0%| F|  |TAMS 0x0000000785100000, 0x0000000785100000| Untracked 
|  82|0x0000000785200000, 0x0000000785200000, 0x0000000785300000|  0%| F|  |TAMS 0x0000000785200000, 0x0000000785200000| Untracked 
|  83|0x0000000785300000, 0x0000000785300000, 0x0000000785400000|  0%| F|  |TAMS 0x0000000785300000, 0x0000000785300000| Untracked 
|  84|0x0000000785400000, 0x0000000785400000, 0x0000000785500000|  0%| F|  |TAMS 0x0000000785400000, 0x0000000785400000| Untracked 
|  85|0x0000000785500000, 0x0000000785500000, 0x0000000785600000|  0%| F|  |TAMS 0x0000000785500000, 0x0000000785500000| Untracked 
|  86|0x0000000785600000, 0x0000000785600000, 0x0000000785700000|  0%| F|  |TAMS 0x0000000785600000, 0x0000000785600000| Untracked 
|  87|0x0000000785700000, 0x0000000785700000, 0x0000000785800000|  0%| F|  |TAMS 0x0000000785700000, 0x0000000785700000| Untracked 
|  88|0x0000000785800000, 0x0000000785800000, 0x0000000785900000|  0%| F|  |TAMS 0x0000000785800000, 0x0000000785800000| Untracked 
|  89|0x0000000785900000, 0x0000000785900000, 0x0000000785a00000|  0%| F|  |TAMS 0x0000000785900000, 0x0000000785900000| Untracked 
|  90|0x0000000785a00000, 0x0000000785a00000, 0x0000000785b00000|  0%| F|  |TAMS 0x0000000785a00000, 0x0000000785a00000| Untracked 
|  91|0x0000000785b00000, 0x0000000785b00000, 0x0000000785c00000|  0%| F|  |TAMS 0x0000000785b00000, 0x0000000785b00000| Untracked 
|  92|0x0000000785c00000, 0x0000000785c00000, 0x0000000785d00000|  0%| F|  |TAMS 0x0000000785c00000, 0x0000000785c00000| Untracked 
|  93|0x0000000785d00000, 0x0000000785d00000, 0x0000000785e00000|  0%| F|  |TAMS 0x0000000785d00000, 0x0000000785d00000| Untracked 
|  94|0x0000000785e00000, 0x0000000785e00000, 0x0000000785f00000|  0%| F|  |TAMS 0x0000000785e00000, 0x0000000785e00000| Untracked 
|  95|0x0000000785f00000, 0x0000000785f00000, 0x0000000786000000|  0%| F|  |TAMS 0x0000000785f00000, 0x0000000785f00000| Untracked 
|  96|0x0000000786000000, 0x0000000786000000, 0x0000000786100000|  0%| F|  |TAMS 0x0000000786000000, 0x0000000786000000| Untracked 
|  97|0x0000000786100000, 0x0000000786100000, 0x0000000786200000|  0%| F|  |TAMS 0x0000000786100000, 0x0000000786100000| Untracked 
|  98|0x0000000786200000, 0x0000000786200000, 0x0000000786300000|  0%| F|  |TAMS 0x0000000786200000, 0x0000000786200000| Untracked 
|  99|0x0000000786300000, 0x0000000786300000, 0x0000000786400000|  0%| F|  |TAMS 0x0000000786300000, 0x0000000786300000| Untracked 
| 100|0x0000000786400000, 0x0000000786400000, 0x0000000786500000|  0%| F|  |TAMS 0x0000000786400000, 0x0000000786400000| Untracked 
| 101|0x0000000786500000, 0x0000000786500000, 0x0000000786600000|  0%| F|  |TAMS 0x0000000786500000, 0x0000000786500000| Untracked 
| 102|0x0000000786600000, 0x0000000786600000, 0x0000000786700000|  0%| F|  |TAMS 0x0000000786600000, 0x0000000786600000| Untracked 
| 103|0x0000000786700000, 0x0000000786700000, 0x0000000786800000|  0%| F|  |TAMS 0x0000000786700000, 0x0000000786700000| Untracked 
| 104|0x0000000786800000, 0x0000000786800000, 0x0000000786900000|  0%| F|  |TAMS 0x0000000786800000, 0x0000000786800000| Untracked 
| 105|0x0000000786900000, 0x0000000786900000, 0x0000000786a00000|  0%| F|  |TAMS 0x0000000786900000, 0x0000000786900000| Untracked 
| 106|0x0000000786a00000, 0x0000000786a00000, 0x0000000786b00000|  0%| F|  |TAMS 0x0000000786a00000, 0x0000000786a00000| Untracked 
| 107|0x0000000786b00000, 0x0000000786b00000, 0x0000000786c00000|  0%| F|  |TAMS 0x0000000786b00000, 0x0000000786b00000| Untracked 
| 108|0x0000000786c00000, 0x0000000786c00000, 0x0000000786d00000|  0%| F|  |TAMS 0x0000000786c00000, 0x0000000786c00000| Untracked 
| 109|0x0000000786d00000, 0x0000000786d00000, 0x0000000786e00000|  0%| F|  |TAMS 0x0000000786d00000, 0x0000000786d00000| Untracked 
| 110|0x0000000786e00000, 0x0000000786e00000, 0x0000000786f00000|  0%| F|  |TAMS 0x0000000786e00000, 0x0000000786e00000| Untracked 
| 111|0x0000000786f00000, 0x0000000786f00000, 0x0000000787000000|  0%| F|  |TAMS 0x0000000786f00000, 0x0000000786f00000| Untracked 
| 112|0x0000000787000000, 0x0000000787000000, 0x0000000787100000|  0%| F|  |TAMS 0x0000000787000000, 0x0000000787000000| Untracked 
| 113|0x0000000787100000, 0x0000000787100000, 0x0000000787200000|  0%| F|  |TAMS 0x0000000787100000, 0x0000000787100000| Untracked 
| 114|0x0000000787200000, 0x0000000787200000, 0x0000000787300000|  0%| F|  |TAMS 0x0000000787200000, 0x0000000787200000| Untracked 
| 115|0x0000000787300000, 0x0000000787300000, 0x0000000787400000|  0%| F|  |TAMS 0x0000000787300000, 0x0000000787300000| Untracked 
| 116|0x0000000787400000, 0x0000000787400000, 0x0000000787500000|  0%| F|  |TAMS 0x0000000787400000, 0x0000000787400000| Untracked 
| 117|0x0000000787500000, 0x0000000787500000, 0x0000000787600000|  0%| F|  |TAMS 0x0000000787500000, 0x0000000787500000| Untracked 
| 118|0x0000000787600000, 0x0000000787600000, 0x0000000787700000|  0%| F|  |TAMS 0x0000000787600000, 0x0000000787600000| Untracked 
| 119|0x0000000787700000, 0x0000000787700000, 0x0000000787800000|  0%| F|  |TAMS 0x0000000787700000, 0x0000000787700000| Untracked 
| 120|0x0000000787800000, 0x0000000787800000, 0x0000000787900000|  0%| F|  |TAMS 0x0000000787800000, 0x0000000787800000| Untracked 
| 121|0x0000000787900000, 0x0000000787900000, 0x0000000787a00000|  0%| F|  |TAMS 0x0000000787900000, 0x0000000787900000| Untracked 
| 122|0x0000000787a00000, 0x0000000787a00000, 0x0000000787b00000|  0%| F|  |TAMS 0x0000000787a00000, 0x0000000787a00000| Untracked 
| 123|0x0000000787b00000, 0x0000000787b00000, 0x0000000787c00000|  0%| F|  |TAMS 0x0000000787b00000, 0x0000000787b00000| Untracked 
| 124|0x0000000787c00000, 0x0000000787c00000, 0x0000000787d00000|  0%| F|  |TAMS 0x0000000787c00000, 0x0000000787c00000| Untracked 
| 125|0x0000000787d00000, 0x0000000787d5cfd8, 0x0000000787e00000| 36%| E|  |TAMS 0x0000000787d00000, 0x0000000787d00000| Complete 
| 126|0x0000000787e00000, 0x0000000787f00000, 0x0000000787f00000|100%| E|  |TAMS 0x0000000787e00000, 0x0000000787e00000| Complete 
| 127|0x0000000787f00000, 0x0000000788000000, 0x0000000788000000|100%| E|CS|TAMS 0x0000000787f00000, 0x0000000787f00000| Complete 

Card table byte_map: [0x0000000105f32000,0x0000000106332000] _byte_map_base: 0x0000000102332000

Marking Bits (Prev, Next): (CMBitMap*) 0x00007fa0e4830018, (CMBitMap*) 0x00007fa0e4830050
 Prev Bits: [0x000000011de7d000, 0x000000011fe7d000)
 Next Bits: [0x000000011fe7d000, 0x0000000121e7d000)

Polling page: 0x000000010584d000

Metaspace:

Usage:
  Non-class:      4.59 MB capacity,     4.48 MB ( 97%) used,   119.30 KB (  3%) free+waste,     1.12 KB ( <1%) overhead. 
      Class:    468.00 KB capacity,   440.41 KB ( 94%) used,    26.78 KB (  6%) free+waste,   832 bytes ( <1%) overhead. 
       Both:      5.05 MB capacity,     4.91 MB ( 97%) used,   146.08 KB (  3%) free+waste,     1.94 KB ( <1%) overhead. 

Virtual space:
  Non-class space:        8.00 MB reserved,       4.75 MB ( 59%) committed 
      Class space:        1.00 GB reserved,     512.00 KB ( <1%) committed 
             Both:        1.01 GB reserved,       5.25 MB ( <1%) committed 

Chunk freelists:
   Non-Class:  5.50 KB
       Class:  1.50 KB
        Both:  7.00 KB

CodeHeap 'non-profiled nmethods': size=120032Kb used=33Kb max_used=33Kb free=119998Kb
 bounds [0x0000000116545000, 0x00000001167b5000, 0x000000011da7d000]
CodeHeap 'profiled nmethods': size=120032Kb used=215Kb max_used=215Kb free=119817Kb
 bounds [0x000000010f00d000, 0x000000010f27d000, 0x0000000116545000]
CodeHeap 'non-nmethods': size=5696Kb used=1013Kb max_used=1022Kb free=4682Kb
 bounds [0x000000010ea7d000, 0x000000010eced000, 0x000000010f00d000]
 total_blobs=454 nmethods=164 adapters=203
 compilation: enabled
              stopped_count=0, restarted_count=0
 full_count=0

Compilation events (10 events):
Event: 0.223 Thread 0x00007fa0e301e000  160   !   3       java.util.jar.JarFile::checkForSpecialAttributes (163 bytes)
Event: 0.224 Thread 0x00007fa0e301e000 nmethod 160 0x000000010f03f090 code [0x000000010f03f3a0, 0x000000010f040660]
Event: 0.224 Thread 0x00007fa0e301e000  163       3       java.lang.Character::toLowerCase (9 bytes)
Event: 0.224 Thread 0x00007fa0e301e000 nmethod 163 0x000000010f040e90 code [0x000000010f041040, 0x000000010f041210]
Event: 0.224 Thread 0x00007fa0e301e000  164       3       java.lang.String::startsWith (7 bytes)
Event: 0.224 Thread 0x00007fa0e301e000 nmethod 164 0x000000010f041310 code [0x000000010f0414c0, 0x000000010f0415e0]
Event: 0.224 Thread 0x00007fa0e301e000  161       3       java.lang.StringCoding::encodeUTF8 (132 bytes)
Event: 0.225 Thread 0x00007fa0e301e000 nmethod 161 0x000000010f041690 code [0x000000010f0418c0, 0x000000010f0422e0]
Event: 0.225 Thread 0x00007fa0e301e000  162       3       java.util.zip.ZipCoder$UTF8::getBytes (10 bytes)
Event: 0.225 Thread 0x00007fa0e301e000 nmethod 162 0x000000010f042610 code [0x000000010f0427e0, 0x000000010f042a80]

GC Heap History (0 events):
No events

Deoptimization events (0 events):
No events

Classes redefined (0 events):
No events

Internal exceptions (0 events):
No events

Events (10 events):
Event: 0.224 loading class javax/servlet/http/HttpServletResponse
Event: 0.224 loading class javax/servlet/http/HttpServletResponse done
Event: 0.224 loading class javax/servlet/ServletResponse
Event: 0.224 loading class javax/servlet/ServletResponse done
Event: 0.225 loading class java/lang/PublicMethods$Key
Event: 0.225 loading class java/lang/PublicMethods$Key done
Event: 0.225 loading class org/apache/catalina/startup/Tomcat
Event: 0.225 loading class org/apache/catalina/startup/Tomcat done
Event: 0.226 loading class java/lang/Class$EnclosingMethodInfo
Event: 0.226 loading class java/lang/Class$EnclosingMethodInfo done


Dynamic libraries:
0x00000001058a1000 	/Library/Java/JavaVirtualMachines/jdk-11.0.17.jdk/Contents/Home/lib/jli/libjli.dylib
0x00007ff830896000 	/System/Library/Frameworks/Cocoa.framework/Versions/A/Cocoa
0x00007ff81ba5a000 	/System/Library/Frameworks/AppKit.framework/Versions/C/AppKit
0x00007ff81e613000 	/System/Library/Frameworks/CoreData.framework/Versions/A/CoreData
0x00007ff819747000 	/System/Library/Frameworks/Foundation.framework/Versions/C/Foundation
0x00007ff824512000 	/usr/lib/libSystem.B.dylib
0x00007ff81ca62000 	/System/Library/PrivateFrameworks/UIFoundation.framework/Versions/A/UIFoundation
0x00007ffb1a16e000 	/System/Library/PrivateFrameworks/CollectionViewCore.framework/Versions/A/CollectionViewCore
0x00007ff82a895000 	/System/Library/PrivateFrameworks/RemoteViewServices.framework/Versions/A/RemoteViewServices
0x00007ff82256d000 	/System/Library/PrivateFrameworks/XCTTargetBootstrap.framework/Versions/A/XCTTargetBootstrap
0x00007ff826381000 	/System/Library/PrivateFrameworks/InternationalSupport.framework/Versions/A/InternationalSupport
0x00007ff82640a000 	/System/Library/PrivateFrameworks/UserActivity.framework/Versions/A/UserActivity
0x00007ffb303d4000 	/System/Library/PrivateFrameworks/WindowManagement.framework/Versions/A/WindowManagement
0x00007ff819433000 	/System/Library/Frameworks/SystemConfiguration.framework/Versions/A/SystemConfiguration
0x00007ff82577a000 	/usr/lib/libspindump.dylib
0x00007ff81cc30000 	/System/Library/Frameworks/UniformTypeIdentifiers.framework/Versions/A/UniformTypeIdentifiers
0x00007ff820a4d000 	/usr/lib/libapp_launch_measurement.dylib
0x00007ff81fbd4000 	/System/Library/PrivateFrameworks/CoreAnalytics.framework/Versions/A/CoreAnalytics
0x00007ff820a50000 	/System/Library/PrivateFrameworks/CoreAutoLayout.framework/Versions/A/CoreAutoLayout
0x00007ff821de1000 	/System/Library/Frameworks/Metal.framework/Versions/A/Metal
0x00007ff822d2f000 	/usr/lib/liblangid.dylib
0x00007ff822572000 	/System/Library/PrivateFrameworks/CoreSVG.framework/Versions/A/CoreSVG
0x00007ff81d567000 	/System/Library/PrivateFrameworks/SkyLight.framework/Versions/A/SkyLight
0x00007ff81d951000 	/System/Library/Frameworks/CoreGraphics.framework/Versions/A/CoreGraphics
0x00007ff82af67000 	/System/Library/Frameworks/Accelerate.framework/Versions/A/Accelerate
0x00007ff8251ef000 	/System/Library/PrivateFrameworks/IconServices.framework/Versions/A/IconServices
0x00007ff821dc4000 	/System/Library/Frameworks/IOSurface.framework/Versions/A/IOSurface
0x00007ff81fbfe000 	/usr/lib/libDiagnosticMessagesClient.dylib
0x00007ff82442e000 	/usr/lib/libz.1.dylib
0x00007ff82e4af000 	/System/Library/Frameworks/ApplicationServices.framework/Versions/A/ApplicationServices
0x00007ff822559000 	/System/Library/PrivateFrameworks/DFRFoundation.framework/Versions/A/DFRFoundation
0x00007ff81b322000 	/usr/lib/libicucore.A.dylib
0x00007ff827223000 	/System/Library/Frameworks/AudioToolbox.framework/Versions/A/AudioToolbox
0x00007ff82638c000 	/System/Library/PrivateFrameworks/DataDetectorsCore.framework/Versions/A/DataDetectorsCore
0x00007ff91d9ef000 	/System/Library/PrivateFrameworks/TextInput.framework/Versions/A/TextInput
0x00007ff81d4dc000 	/usr/lib/libMobileGestalt.dylib
0x00007ff822261000 	/System/Library/Frameworks/Carbon.framework/Versions/A/Frameworks/HIToolbox.framework/Versions/A/HIToolbox
0x00007ff8203ef000 	/System/Library/Frameworks/QuartzCore.framework/Versions/A/QuartzCore
0x00007ff81afa1000 	/System/Library/Frameworks/Security.framework/Versions/A/Security
0x00007ff82a8cd000 	/System/Library/Frameworks/Carbon.framework/Versions/A/Frameworks/SpeechRecognition.framework/Versions/A/SpeechRecognition
0x00007ff82078d000 	/System/Library/PrivateFrameworks/CoreUI.framework/Versions/A/CoreUI
0x00007ff81a883000 	/System/Library/Frameworks/CoreAudio.framework/Versions/A/CoreAudio
0x00007ff81fcd8000 	/System/Library/Frameworks/DiskArbitration.framework/Versions/A/DiskArbitration
0x00007ff825b9b000 	/System/Library/PrivateFrameworks/MultitouchSupport.framework/Versions/A/MultitouchSupport
0x00007ff81d4db000 	/usr/lib/libenergytrace.dylib
0x00007ff81b93c000 	/System/Library/Frameworks/IOKit.framework/Versions/A/IOKit
0x00007ff82acc6000 	/System/Library/Frameworks/CoreServices.framework/Versions/A/CoreServices
0x00007ff8209e5000 	/System/Library/PrivateFrameworks/PerformanceAnalysis.framework/Versions/A/PerformanceAnalysis
0x00007ffa2df1b000 	/System/Library/Frameworks/OpenGL.framework/Versions/A/OpenGL
0x00007ff820a98000 	/usr/lib/libxml2.2.dylib
0x00007ff8239a4000 	/System/Library/PrivateFrameworks/MobileKeyBag.framework/Versions/A/MobileKeyBag
0x00007ff8184fd000 	/usr/lib/libobjc.A.dylib
0x00007ff8187c3000 	/usr/lib/libc++.1.dylib
0x00007ff81e075000 	/System/Library/Frameworks/ColorSync.framework/Versions/A/ColorSync
0x00007ff8188ce000 	/System/Library/Frameworks/CoreFoundation.framework/Versions/A/CoreFoundation
0x00007ff82290c000 	/System/Library/Frameworks/CoreImage.framework/Versions/A/CoreImage
0x00007ff81a694000 	/System/Library/Frameworks/CoreText.framework/Versions/A/CoreText
0x00007ff8225ad000 	/System/Library/Frameworks/ImageIO.framework/Versions/A/ImageIO
0x00007ff824518000 	/System/Library/PrivateFrameworks/SoftLinking.framework/Versions/A/SoftLinking
0x00007ff82479a000 	/usr/lib/libcompression.dylib
0x00007ff8262b3000 	/System/Library/PrivateFrameworks/TextureIO.framework/Versions/A/TextureIO
0x00007ff824eb8000 	/usr/lib/libate.dylib
0x00007ff82450d000 	/usr/lib/system/libcache.dylib
0x00007ff8244c8000 	/usr/lib/system/libcommonCrypto.dylib
0x00007ff8244f1000 	/usr/lib/system/libcompiler_rt.dylib
0x00007ff8244e7000 	/usr/lib/system/libcopyfile.dylib
0x00007ff81862c000 	/usr/lib/system/libcorecrypto.dylib
0x00007ff8186f0000 	/usr/lib/system/libdispatch.dylib
0x00007ff818878000 	/usr/lib/system/libdyld.dylib
0x00007ff824503000 	/usr/lib/system/libkeymgr.dylib
0x00007ff8244a7000 	/usr/lib/system/libmacho.dylib
0x00007ff823a91000 	/usr/lib/system/libquarantine.dylib
0x00007ff824501000 	/usr/lib/system/libremovefile.dylib
0x00007ff81d535000 	/usr/lib/system/libsystem_asl.dylib
0x00007ff8185ce000 	/usr/lib/system/libsystem_blocks.dylib
0x00007ff81873a000 	/usr/lib/system/libsystem_c.dylib
0x00007ff8244f9000 	/usr/lib/system/libsystem_collections.dylib
0x00007ff822d20000 	/usr/lib/system/libsystem_configuration.dylib
0x00007ff821d95000 	/usr/lib/system/libsystem_containermanager.dylib
0x00007ff82416f000 	/usr/lib/system/libsystem_coreservices.dylib
0x00007ff81b5b6000 	/usr/lib/system/libsystem_darwin.dylib
0x00007ff824504000 	/usr/lib/system/libsystem_dnssd.dylib
0x00007ff818737000 	/usr/lib/system/libsystem_featureflags.dylib
0x00007ff8188a3000 	/usr/lib/system/libsystem_info.dylib
0x00007ff824441000 	/usr/lib/system/libsystem_m.dylib
0x00007ff8186c3000 	/usr/lib/system/libsystem_malloc.dylib
0x00007ff81d4c4000 	/usr/lib/system/libsystem_networkextension.dylib
0x00007ff81b9fb000 	/usr/lib/system/libsystem_notify.dylib
0x00007ff822d24000 	/usr/lib/system/libsystem_sandbox.dylib
0x00007ff8244fe000 	/usr/lib/system/libsystem_secinit.dylib
0x00007ff818832000 	/usr/lib/system/libsystem_kernel.dylib
0x00007ff818899000 	/usr/lib/system/libsystem_platform.dylib
0x00007ff81886c000 	/usr/lib/system/libsystem_pthread.dylib
0x00007ff81ee8d000 	/usr/lib/system/libsystem_symptoms.dylib
0x00007ff818612000 	/usr/lib/system/libsystem_trace.dylib
0x00007ff8244d4000 	/usr/lib/system/libunwind.dylib
0x00007ff8185d2000 	/usr/lib/system/libxpc.dylib
0x00007ff81881c000 	/usr/lib/libc++abi.dylib
0x00007ff8244df000 	/usr/lib/liboah.dylib
0x00007ff824c66000 	/usr/lib/liblzma.5.dylib
0x00007ff824514000 	/usr/lib/libfakelink.dylib
0x00007ff81d11e000 	/System/Library/Frameworks/CFNetwork.framework/Versions/A/CFNetwork
0x00007ff824651000 	/usr/lib/libarchive.2.dylib
0x00007ff828b6e000 	/System/Library/Frameworks/Combine.framework/Versions/A/Combine
0x00007ff826c9b000 	/usr/lib/swift/libswiftCore.dylib
0x00007ff91aa3b000 	/usr/lib/swift/libswiftCoreFoundation.dylib
0x00007ff918a14000 	/usr/lib/swift/libswiftDarwin.dylib
0x00007ff82c4e3000 	/usr/lib/swift/libswiftDispatch.dylib
0x00007ff91aa57000 	/usr/lib/swift/libswiftIOKit.dylib
0x00007ff82e8e4000 	/usr/lib/swift/libswiftObjectiveC.dylib
0x00007ff91aa4c000 	/usr/lib/swift/libswiftXPC.dylib
0x00007ffb36ca9000 	/usr/lib/swift/libswift_Concurrency.dylib
0x00007ffb36de8000 	/usr/lib/swift/libswift_StringProcessing.dylib
0x00007ff82e8e8000 	/usr/lib/swift/libswiftos.dylib
0x00007ff81b8bd000 	/System/Library/PrivateFrameworks/CoreServicesInternal.framework/Versions/A/CoreServicesInternal
0x00007ff823ab8000 	/usr/lib/libbsm.0.dylib
0x00007ff8244ac000 	/usr/lib/system/libkxld.dylib
0x00007ff820a19000 	/System/Library/Frameworks/CoreServices.framework/Versions/A/Frameworks/FSEvents.framework/Versions/A/FSEvents
0x00007ff81b5c1000 	/System/Library/Frameworks/CoreServices.framework/Versions/A/Frameworks/CarbonCore.framework/Versions/A/CarbonCore
0x00007ff81fc41000 	/System/Library/Frameworks/CoreServices.framework/Versions/A/Frameworks/Metadata.framework/Versions/A/Metadata
0x00007ff824175000 	/System/Library/Frameworks/CoreServices.framework/Versions/A/Frameworks/OSServices.framework/Versions/A/OSServices
0x00007ff8246d9000 	/System/Library/Frameworks/CoreServices.framework/Versions/A/Frameworks/SearchKit.framework/Versions/A/SearchKit
0x00007ff81ee14000 	/System/Library/Frameworks/CoreServices.framework/Versions/A/Frameworks/AE.framework/Versions/A/AE
0x00007ff818d68000 	/System/Library/Frameworks/CoreServices.framework/Versions/A/Frameworks/LaunchServices.framework/Versions/A/LaunchServices
0x00007ff824c17000 	/System/Library/Frameworks/CoreServices.framework/Versions/A/Frameworks/DictionaryServices.framework/Versions/A/DictionaryServices
0x00007ff820a26000 	/System/Library/Frameworks/CoreServices.framework/Versions/A/Frameworks/SharedFileList.framework/Versions/A/SharedFileList
0x00007ff824765000 	/usr/lib/libapple_nghttp2.dylib
0x00007ff81d11a000 	/usr/lib/libnetwork.dylib
0x00007ff81ea8c000 	/usr/lib/libsqlite3.dylib
0x00007ff81ee95000 	/System/Library/Frameworks/Network.framework/Versions/A/Network
0x00007ffb35c98000 	/usr/lib/libCoreEntitlements.dylib
0x00007ffb23629000 	/System/Library/PrivateFrameworks/MessageSecurity.framework/Versions/A/MessageSecurity
0x00007ff81ea73000 	/System/Library/PrivateFrameworks/ProtocolBuffer.framework/Versions/A/ProtocolBuffer
0x00007ff82414f000 	/System/Library/PrivateFrameworks/AppleFSCompression.framework/Versions/A/AppleFSCompression
0x00007ff823aa0000 	/usr/lib/libcoretls.dylib
0x00007ff824c80000 	/usr/lib/libcoretls_cfhelpers.dylib
0x00007ff824794000 	/usr/lib/libpam.2.dylib
0x00007ff824ced000 	/usr/lib/libxar.1.dylib
0x00007ff8251cb000 	/usr/lib/libheimdal-asn1.dylib
0x00007ff824519000 	/usr/lib/libpcap.A.dylib
0x00007ff81ee84000 	/usr/lib/libdns_services.dylib
0x00007ff822d2b000 	/System/Library/PrivateFrameworks/AppleSystemInfo.framework/Versions/A/AppleSystemInfo
0x00007ff8237ad000 	/System/Library/PrivateFrameworks/IOMobileFramebuffer.framework/Versions/A/IOMobileFramebuffer
0x00007ff82415f000 	/usr/lib/libbz2.1.0.dylib
0x00007ff823a94000 	/usr/lib/libCheckFix.dylib
0x00007ff81d54c000 	/System/Library/PrivateFrameworks/TCC.framework/Versions/A/TCC
0x00007ff822d31000 	/System/Library/PrivateFrameworks/CoreNLP.framework/Versions/A/CoreNLP
0x00007ff81fc00000 	/System/Library/PrivateFrameworks/MetadataUtilities.framework/Versions/A/MetadataUtilities
0x00007ff823ac8000 	/usr/lib/libmecab.dylib
0x00007ff8194b2000 	/usr/lib/libCRFSuite.dylib
0x00007ff823b22000 	/usr/lib/libgermantok.dylib
0x00007ff824740000 	/usr/lib/libThaiTokenizer.dylib
0x00007ff81fce0000 	/System/Library/Frameworks/Accelerate.framework/Versions/A/Frameworks/vImage.framework/Versions/A/vImage
0x00007ff82ac99000 	/System/Library/Frameworks/Accelerate.framework/Versions/A/Frameworks/vecLib.framework/Versions/A/vecLib
0x00007ff824d2f000 	/System/Library/Frameworks/Accelerate.framework/Versions/A/Frameworks/vecLib.framework/Versions/A/libvMisc.dylib
0x00007ff8235d2000 	/System/Library/Frameworks/Accelerate.framework/Versions/A/Frameworks/vecLib.framework/Versions/A/libvDSP.dylib
0x00007ff819124000 	/System/Library/Frameworks/Accelerate.framework/Versions/A/Frameworks/vecLib.framework/Versions/A/libBLAS.dylib
0x00007ff824878000 	/System/Library/Frameworks/Accelerate.framework/Versions/A/Frameworks/vecLib.framework/Versions/A/libLAPACK.dylib
0x00007ff823b25000 	/System/Library/Frameworks/Accelerate.framework/Versions/A/Frameworks/vecLib.framework/Versions/A/libLinearAlgebra.dylib
0x00007ff82477d000 	/System/Library/Frameworks/Accelerate.framework/Versions/A/Frameworks/vecLib.framework/Versions/A/libSparseBLAS.dylib
0x00007ff824872000 	/System/Library/Frameworks/Accelerate.framework/Versions/A/Frameworks/vecLib.framework/Versions/A/libQuadrature.dylib
0x00007ff822e1d000 	/System/Library/Frameworks/Accelerate.framework/Versions/A/Frameworks/vecLib.framework/Versions/A/libBNNS.dylib
0x00007ff8193bc000 	/System/Library/Frameworks/Accelerate.framework/Versions/A/Frameworks/vecLib.framework/Versions/A/libSparse.dylib
0x00007ffb22928000 	/System/Library/PrivateFrameworks/MIL.framework/Versions/A/MIL
0x00007ff82454e000 	/usr/lib/libiconv.2.dylib
0x00007ff8244a6000 	/usr/lib/libcharset.1.dylib
0x00007ff8209fd000 	/System/Library/Frameworks/OpenDirectory.framework/Versions/A/Frameworks/CFOpenDirectory.framework/Versions/A/CFOpenDirectory
0x00007ff8209f1000 	/System/Library/Frameworks/OpenDirectory.framework/Versions/A/OpenDirectory
0x00007ff824c82000 	/System/Library/PrivateFrameworks/APFS.framework/Versions/A/APFS
0x00007ff8239d7000 	/System/Library/Frameworks/SecurityFoundation.framework/Versions/A/SecurityFoundation
0x00007ff824cfb000 	/usr/lib/libutil.dylib
0x00007ffb21ac6000 	/System/Library/PrivateFrameworks/InstalledContentLibrary.framework/Versions/A/InstalledContentLibrary
0x00007ff81b900000 	/System/Library/PrivateFrameworks/CoreServicesStore.framework/Versions/A/CoreServicesStore
0x00007ffb18d2d000 	/System/Library/PrivateFrameworks/AppleMobileFileIntegrity.framework/Versions/A/AppleMobileFileIntegrity
0x00007ff91aa1b000 	/usr/lib/libmis.dylib
0x00007ff92900e000 	/System/Library/PrivateFrameworks/MobileSystemServices.framework/Versions/A/MobileSystemServices
0x00007ffa2324f000 	/System/Library/PrivateFrameworks/ConfigProfileHelper.framework/Versions/A/ConfigProfileHelper
0x00007ff824742000 	/System/Library/PrivateFrameworks/AppleSauce.framework/Versions/A/AppleSauce
0x00007ff81a159000 	/System/Library/PrivateFrameworks/LanguageModeling.framework/Versions/A/LanguageModeling
0x00007ff824cff000 	/usr/lib/libxslt.1.dylib
0x00007ff824640000 	/usr/lib/libcmph.dylib
0x00007ff82379b000 	/System/Library/PrivateFrameworks/CoreEmoji.framework/Versions/A/CoreEmoji
0x00007ff822e17000 	/System/Library/PrivateFrameworks/LinguisticData.framework/Versions/A/LinguisticData
0x00007ff819372000 	/System/Library/PrivateFrameworks/Lexicon.framework/Versions/A/Lexicon
0x00007ff823a65000 	/System/Library/PrivateFrameworks/BackgroundTaskManagement.framework/Versions/A/BackgroundTaskManagement
0x00007ffb35dce000 	/usr/lib/libTLE.dylib
0x00007ffb36d2d000 	/usr/lib/swift/libswift_RegexParser.dylib
0x00007ff825a61000 	/System/Library/PrivateFrameworks/AppleJPEG.framework/Versions/A/AppleJPEG
0x00007ff8251b0000 	/usr/lib/libexpat.1.dylib
0x00007ff82610f000 	/System/Library/Frameworks/ImageIO.framework/Versions/A/Resources/libPng.dylib
0x00007ff82613c000 	/System/Library/Frameworks/ImageIO.framework/Versions/A/Resources/libTIFF.dylib
0x00007ff82622d000 	/System/Library/Frameworks/ImageIO.framework/Versions/A/Resources/libGIF.dylib
0x00007ff825aac000 	/System/Library/Frameworks/ImageIO.framework/Versions/A/Resources/libJP2.dylib
0x00007ff8261cd000 	/System/Library/Frameworks/ImageIO.framework/Versions/A/Resources/libJPEG.dylib
0x00007ff8261c4000 	/System/Library/Frameworks/ImageIO.framework/Versions/A/Resources/libRadiance.dylib
0x00007ff8220f7000 	/System/Library/PrivateFrameworks/FontServices.framework/libFontParser.dylib
0x00007ff81edb9000 	/System/Library/PrivateFrameworks/RunningBoardServices.framework/Versions/A/RunningBoardServices
0x00007ff830ed3000 	/System/Library/PrivateFrameworks/IOSurfaceAccelerator.framework/Versions/A/IOSurfaceAccelerator
0x00007ff825b97000 	/System/Library/PrivateFrameworks/WatchdogClient.framework/Versions/A/WatchdogClient
0x00007ff81a2bb000 	/System/Library/Frameworks/CoreDisplay.framework/Versions/A/CoreDisplay
0x00007ff821fe6000 	/System/Library/Frameworks/CoreMedia.framework/Versions/A/CoreMedia
0x00007ff821dd8000 	/System/Library/PrivateFrameworks/IOAccelerator.framework/Versions/A/IOAccelerator
0x00007ff820b77000 	/System/Library/Frameworks/CoreVideo.framework/Versions/A/CoreVideo
0x00007ff824792000 	/System/Library/Frameworks/MetalPerformanceShaders.framework/Versions/A/MetalPerformanceShaders
0x00007ff825bd4000 	/System/Library/Frameworks/VideoToolbox.framework/Versions/A/VideoToolbox
0x00007ff81ecfd000 	/System/Library/PrivateFrameworks/BaseBoard.framework/Versions/A/BaseBoard
0x00007ff8261bd000 	/System/Library/PrivateFrameworks/GPUWrangler.framework/Versions/A/GPUWrangler
0x00007ff8261a1000 	/System/Library/PrivateFrameworks/IOPresentment.framework/Versions/A/IOPresentment
0x00007ff8261c7000 	/System/Library/PrivateFrameworks/DSExternalDisplay.framework/Versions/A/DSExternalDisplay
0x00007ffb1e15a000 	/System/Library/PrivateFrameworks/GPUCompiler.framework/Versions/31001/Libraries/libllvm-flatbuffers.dylib
0x00007ffa2df0f000 	/System/Library/Frameworks/OpenGL.framework/Versions/A/Libraries/libCoreFSCache.dylib
0x00007ffb1e156000 	/System/Library/PrivateFrameworks/GPUCompiler.framework/Versions/31001/Libraries/libGPUCompilerUtils.dylib
0x00007ff826233000 	/System/Library/PrivateFrameworks/CMCaptureCore.framework/Versions/A/CMCaptureCore
0x00007ffa32eee000 	/System/Library/Frameworks/ExtensionFoundation.framework/Versions/A/ExtensionFoundation
0x00007ff82cc5f000 	/System/Library/PrivateFrameworks/CoreTime.framework/Versions/A/CoreTime
0x00007ff825764000 	/System/Library/PrivateFrameworks/AppServerSupport.framework/Versions/A/AppServerSupport
0x00007ff827aee000 	/System/Library/PrivateFrameworks/perfdata.framework/Versions/A/perfdata
0x00007ff81a3e7000 	/System/Library/PrivateFrameworks/AudioToolboxCore.framework/Versions/A/AudioToolboxCore
0x00007ff821fc0000 	/System/Library/PrivateFrameworks/caulk.framework/Versions/A/caulk
0x00007ff8273bb000 	/usr/lib/libAudioStatistics.dylib
0x00007ff919eb7000 	/System/Library/PrivateFrameworks/SystemPolicy.framework/Versions/A/SystemPolicy
0x00007ff827659000 	/usr/lib/libSMC.dylib
0x00007ff83073b000 	/System/Library/Frameworks/CoreMIDI.framework/Versions/A/CoreMIDI
0x00007ff8260dd000 	/usr/lib/libAudioToolboxUtility.dylib
0x00007ff835c5e000 	/System/Library/PrivateFrameworks/OSAServicesClient.framework/Versions/A/OSAServicesClient
0x00007ff827afb000 	/usr/lib/libperfcheck.dylib
0x00007ff825094000 	/System/Library/PrivateFrameworks/PlugInKit.framework/Versions/A/PlugInKit
0x00007ff8239ca000 	/System/Library/PrivateFrameworks/AssertionServices.framework/Versions/A/AssertionServices
0x00007ffa2df6a000 	/System/Library/Frameworks/OpenGL.framework/Versions/A/Libraries/libGLU.dylib
0x00007ffa2df2e000 	/System/Library/Frameworks/OpenGL.framework/Versions/A/Libraries/libGFXShared.dylib
0x00007ffa2e137000 	/System/Library/Frameworks/OpenGL.framework/Versions/A/Libraries/libGL.dylib
0x00007ffa2df37000 	/System/Library/Frameworks/OpenGL.framework/Versions/A/Libraries/libGLImage.dylib
0x00007ffa2df2b000 	/System/Library/Frameworks/OpenGL.framework/Versions/A/Libraries/libCVMSPluginSupport.dylib
0x00007ffb35dad000 	/usr/lib/libRosetta.dylib
0x00007ffa2df16000 	/System/Library/Frameworks/OpenGL.framework/Versions/A/Libraries/libCoreVMClient.dylib
0x00007ff822ca4000 	/System/Library/Frameworks/MetalPerformanceShaders.framework/Versions/A/Frameworks/MPSCore.framework/Versions/A/MPSCore
0x00007ff8240b9000 	/System/Library/Frameworks/MetalPerformanceShaders.framework/Versions/A/Frameworks/MPSImage.framework/Versions/A/MPSImage
0x00007ff823b3b000 	/System/Library/Frameworks/MetalPerformanceShaders.framework/Versions/A/Frameworks/MPSNeuralNetwork.framework/Versions/A/MPSNeuralNetwork
0x00007ff823fae000 	/System/Library/Frameworks/MetalPerformanceShaders.framework/Versions/A/Frameworks/MPSMatrix.framework/Versions/A/MPSMatrix
0x00007ff823d69000 	/System/Library/Frameworks/MetalPerformanceShaders.framework/Versions/A/Frameworks/MPSRayIntersector.framework/Versions/A/MPSRayIntersector
0x00007ff823fe8000 	/System/Library/Frameworks/MetalPerformanceShaders.framework/Versions/A/Frameworks/MPSNDArray.framework/Versions/A/MPSNDArray
0x00007ffa34259000 	/System/Library/Frameworks/MetalPerformanceShaders.framework/Versions/A/Frameworks/MPSFunctions.framework/Versions/A/MPSFunctions
0x00007ff818fe5000 	/System/Library/PrivateFrameworks/MetalTools.framework/Versions/A/MetalTools
0x00007ff822d2a000 	/System/Library/PrivateFrameworks/AggregateDictionary.framework/Versions/A/AggregateDictionary
0x00007ff824f4f000 	/usr/lib/libIOReport.dylib
0x00007ffa2f51a000 	/System/Library/Frameworks/OpenCL.framework/Versions/A/OpenCL
0x00007ff8252f6000 	/System/Library/PrivateFrameworks/GraphVisualizer.framework/Versions/A/GraphVisualizer
0x00007ffb1e05b000 	/System/Library/PrivateFrameworks/FontServices.framework/Versions/A/FontServices
0x00007ff82571f000 	/System/Library/PrivateFrameworks/OTSVG.framework/Versions/A/OTSVG
0x00007ff820741000 	/System/Library/Frameworks/ApplicationServices.framework/Versions/A/Frameworks/ATS.framework/Versions/A/Resources/libFontRegistry.dylib
0x00007ff82576e000 	/System/Library/PrivateFrameworks/FontServices.framework/libhvf.dylib
0x00007ffb1e05c000 	/System/Library/PrivateFrameworks/FontServices.framework/libXTFontStaticRegistryData.dylib
0x00007ffb2f28d000 	/System/Library/PrivateFrameworks/VideoToolboxParavirtualizationSupport.framework/Versions/A/VideoToolboxParavirtualizationSupport
0x00007ff825160000 	/System/Library/PrivateFrameworks/AppleVA.framework/Versions/A/AppleVA
0x00007ff8273fb000 	/System/Library/Frameworks/ApplicationServices.framework/Versions/A/Frameworks/ATS.framework/Versions/A/ATS
0x00007ff81e165000 	/System/Library/Frameworks/ApplicationServices.framework/Versions/A/Frameworks/HIServices.framework/Versions/A/HIServices
0x00007ff82623f000 	/System/Library/Frameworks/ApplicationServices.framework/Versions/A/Frameworks/PrintCore.framework/Versions/A/PrintCore
0x00007ff8277ae000 	/System/Library/Frameworks/ApplicationServices.framework/Versions/A/Frameworks/QD.framework/Versions/A/QD
0x00007ff8277a6000 	/System/Library/Frameworks/ApplicationServices.framework/Versions/A/Frameworks/ColorSyncLegacy.framework/Versions/A/ColorSyncLegacy
0x00007ff8273cf000 	/System/Library/Frameworks/ApplicationServices.framework/Versions/A/Frameworks/SpeechSynthesis.framework/Versions/A/SpeechSynthesis
0x00007ff8261fd000 	/System/Library/Frameworks/ApplicationServices.framework/Versions/A/Frameworks/ATSUI.framework/Versions/A/ATSUI
0x00007ff827739000 	/usr/lib/libcups.2.dylib
0x00007ff827b0a000 	/System/Library/Frameworks/Kerberos.framework/Versions/A/Kerberos
0x00007ff827b19000 	/System/Library/Frameworks/GSS.framework/Versions/A/GSS
0x00007ff827469000 	/usr/lib/libresolv.9.dylib
0x00007ff82577f000 	/System/Library/PrivateFrameworks/Heimdal.framework/Versions/A/Heimdal
0x00007ff82e867000 	/System/Library/Frameworks/Kerberos.framework/Versions/A/Libraries/libHeimdalProxy.dylib
0x00007ff827b64000 	/System/Library/PrivateFrameworks/CommonAuth.framework/Versions/A/CommonAuth
0x00007ffa321c4000 	/System/Library/Frameworks/AVFAudio.framework/Versions/A/AVFAudio
0x00007ff835ca7000 	/System/Library/PrivateFrameworks/AXCoreUtilities.framework/Versions/A/AXCoreUtilities
0x00007ff82734b000 	/System/Library/PrivateFrameworks/AudioSession.framework/Versions/A/AudioSession
0x00007ff828945000 	/System/Library/Frameworks/IOBluetooth.framework/Versions/A/IOBluetooth
0x00007ff825266000 	/System/Library/PrivateFrameworks/MediaExperience.framework/Versions/A/MediaExperience
0x00007ff8271f2000 	/System/Library/PrivateFrameworks/AudioSession.framework/libSessionUtility.dylib
0x00007ff8277ba000 	/System/Library/PrivateFrameworks/AudioResourceArbitration.framework/Versions/A/AudioResourceArbitration
0x00007ff82b89e000 	/System/Library/PrivateFrameworks/PowerLog.framework/Versions/A/PowerLog
0x00007ff82b7e0000 	/System/Library/Frameworks/CoreBluetooth.framework/Versions/A/CoreBluetooth
0x00007ff82e868000 	/System/Library/Frameworks/AudioUnit.framework/Versions/A/AudioUnit
0x00007ff823834000 	/System/Library/PrivateFrameworks/CoreUtils.framework/Versions/A/CoreUtils
0x00007ffb1cc0c000 	/System/Library/PrivateFrameworks/CoreUtilsExtras.framework/Versions/A/CoreUtilsExtras
0x00007ffb2195d000 	/System/Library/PrivateFrameworks/IO80211.framework/Versions/A/IO80211
0x00007ff8251d4000 	/System/Library/PrivateFrameworks/IconFoundation.framework/Versions/A/IconFoundation
0x00007ff82a8bd000 	/System/Library/PrivateFrameworks/SpeechRecognitionCore.framework/Versions/A/SpeechRecognitionCore
0x0000000106626000 	/Library/Java/JavaVirtualMachines/jdk-11.0.17.jdk/Contents/Home/lib/server/libjvm.dylib
0x000000010585c000 	/Library/Java/JavaVirtualMachines/jdk-11.0.17.jdk/Contents/Home/lib/libverify.dylib
0x00000001058f0000 	/Library/Java/JavaVirtualMachines/jdk-11.0.17.jdk/Contents/Home/lib/libjava.dylib
0x000000010586c000 	/Library/Java/JavaVirtualMachines/jdk-11.0.17.jdk/Contents/Home/lib/libjimage.dylib
0x00000001058c4000 	/Library/Java/JavaVirtualMachines/jdk-11.0.17.jdk/Contents/Home/lib/libzip.dylib
0x0000000106377000 	/Library/Java/JavaVirtualMachines/jdk-11.0.17.jdk/Contents/Home/lib/libnio.dylib
0x00000001063a2000 	/Library/Java/JavaVirtualMachines/jdk-11.0.17.jdk/Contents/Home/lib/libnet.dylib


VM Arguments:
jvm_args: -Dfile.encoding=UTF-8 
java_command: org.apache.catalina.startup.Tomcat$1
java_class_path (initial): /Users/user/eclipse-workspace/jd22/javacore/JspEX03/target/classes:/Users/user/Downloads/customermgmt/apache-tomcat-7.0.109/lib/tomcat-i18n-ko.jar:/Users/user/Downloads/customermgmt/apache-tomcat-7.0.109/lib/el-api.jar:/Users/user/Downloads/customermgmt/apache-tomcat-7.0.109/lib/tomcat-i18n-es.jar:/Users/user/Downloads/customermgmt/apache-tomcat-7.0.109/lib/jasper.jar:/Users/user/Downloads/customermgmt/apache-tomcat-7.0.109/lib/jasper-el.jar:/Users/user/Downloads/customermgmt/apache-tomcat-7.0.109/lib/tomcat-util.jar:/Users/user/Downloads/customermgmt/apache-tomcat-7.0.109/lib/tomcat-i18n-de.jar:/Users/user/Downloads/customermgmt/apache-tomcat-7.0.109/lib/jsp-api.jar:/Users/user/Downloads/customermgmt/apache-tomcat-7.0.109/lib/catalina-tribes.jar:/Users/user/Downloads/customermgmt/apache-tomcat-7.0.109/lib/catalina.jar:/Users/user/Downloads/customermgmt/apache-tomcat-7.0.109/lib/tomcat7-websocket.jar:/Users/user/Downloads/customermgmt/apache-tomcat-7.0.109/lib/websocket-api.jar:/Users/user/Downloads/customermgmt/apache-tomcat-7.0.109/lib/tomcat-coyote.jar:/Users/user/Downloads/customermgmt/apache-tomcat-7.0.109/lib/catalina-ha.jar:/Users/user/Downloads/customermgmt/apache-tomcat-7.0.109/lib/tomcat-api.jar:/Users/user/Downloads/customermgmt/apache-tomcat-7.0.109/lib/ecj-4.4.2.jar:/Users/user/Downloads/customermgmt/apache-tomcat-7.0.109/lib/annotations-api.jar:/Users/user/Downloads/customermgmt/apache-tomcat-7.0.109/lib/tomcat-i18n-zh-CN.jar:/Users/user/Downloads/customermgmt/apache-tomcat-7.0.109/lib/catalina-ant.jar:/Users/user/Downloads/customermgmt/apache-tomcat-7.0.109/lib/servlet-api.jar:/Users/user/Downloads/customermgmt/apache-tomcat-7.0.109/lib/tomcat-i18n-ja.jar:/Users/user/Downloads/customermgmt/apache-tomcat-7.0.109/lib/tomcat-i18n-ru.jar:/Users/user/Downloads/customermgmt/apache-tomcat-7.0.109/lib/tomcat-jdbc.jar:/Users/user/Downloads/customermgmt/apache-tomcat-7.0.109/lib/tomcat-i18n-fr.jar:/Users/user/Downloads/customermgmt/
Launcher Type: SUN_STANDARD

[Global flags]
     intx CICompilerCount                          = 3                                         {product} {ergonomic}
     uint ConcGCThreads                            = 1                                         {product} {ergonomic}
     uint G1ConcRefinementThreads                  = 4                                         {product} {ergonomic}
   size_t G1HeapRegionSize                         = 1048576                                   {product} {ergonomic}
    uintx GCDrainStackTargetSize                   = 64                                        {product} {ergonomic}
   size_t InitialHeapSize                          = 134217728                                 {product} {ergonomic}
   size_t MarkStackSize                            = 4194304                                   {product} {ergonomic}
   size_t MaxHeapSize                              = 2147483648                                {product} {ergonomic}
   size_t MaxNewSize                               = 1287651328                                {product} {ergonomic}
   size_t MinHeapDeltaBytes                        = 1048576                                   {product} {ergonomic}
    uintx NonNMethodCodeHeapSize                   = 5830732                                {pd product} {ergonomic}
    uintx NonProfiledCodeHeapSize                  = 122913754                              {pd product} {ergonomic}
    uintx ProfiledCodeHeapSize                     = 122913754                              {pd product} {ergonomic}
    uintx ReservedCodeCacheSize                    = 251658240                              {pd product} {ergonomic}
     bool SegmentedCodeCache                       = true                                      {product} {ergonomic}
     bool UseCompressedClassPointers               = true                                 {lp64_product} {ergonomic}
     bool UseCompressedOops                        = true                                 {lp64_product} {ergonomic}
     bool UseG1GC                                  = true                                      {product} {ergonomic}

Logging:
Log output configuration:
 #0: stdout all=warning uptime,level,tags
 #1: stderr all=off uptime,level,tags

Environment Variables:
PATH=/usr/bin:/bin:/usr/sbin:/sbin
SHELL=/bin/zsh

Signal Handlers:
SIGSEGV: [libjvm.dylib+0x78c582], sa_mask[0]=11111111011111110111111111111111, sa_flags=SA_ONSTACK|SA_RESTART|SA_SIGINFO
SIGBUS: [libjvm.dylib+0x78c582], sa_mask[0]=11111111011111110111111111111111, sa_flags=SA_RESTART|SA_SIGINFO
SIGFPE: [libjvm.dylib+0x78c582], sa_mask[0]=11111111011111110111111111111111, sa_flags=SA_RESTART|SA_SIGINFO
SIGPIPE: [libjvm.dylib+0x63f367], sa_mask[0]=11111111011111110111111111111111, sa_flags=SA_RESTART|SA_SIGINFO
SIGXFSZ: [libjvm.dylib+0x63f367], sa_mask[0]=11111111011111110111111111111111, sa_flags=SA_RESTART|SA_SIGINFO
SIGILL: [libjvm.dylib+0x78c582], sa_mask[0]=11111111011111110111111111111111, sa_flags=SA_RESTART|SA_SIGINFO
SIGUSR2: [libjvm.dylib+0x63f93c], sa_mask[0]=00100000000000000000000000000000, sa_flags=SA_RESTART|SA_SIGINFO
SIGHUP: [libjvm.dylib+0x63e3bb], sa_mask[0]=11111111011111110111111111111111, sa_flags=SA_RESTART|SA_SIGINFO
SIGINT: [libjvm.dylib+0x63e3bb], sa_mask[0]=11111111011111110111111111111111, sa_flags=SA_RESTART|SA_SIGINFO
SIGTERM: [libjvm.dylib+0x63e3bb], sa_mask[0]=11111111011111110111111111111111, sa_flags=SA_RESTART|SA_SIGINFO
SIGQUIT: [libjvm.dylib+0x63e3bb], sa_mask[0]=11111111011111110111111111111111, sa_flags=SA_RESTART|SA_SIGINFO


---------------  S Y S T E M  ---------------

OS:uname:Darwin 22.2.0 Darwin Kernel Version 22.2.0: Fri Nov 11 02:08:47 PST 2022; root:xnu-8792.61.2~4/RELEASE_X86_64 x86_64
rlimit: STACK 8192k, CORE 0k, NPROC 1392, NOFILE 10240, AS infinity, DATA infinity, FSIZE infinity
load average:2.55 21.96 29.43

CPU:total 4 (initial active 4) (2 cores per cpu, 2 threads per core) family 6 model 142 stepping 9 microcode 0xf0, cmov, cx8, fxsr, mmx, sse, sse2, sse3, ssse3, sse4.1, sse4.2, popcnt, avx, avx2, aes, clmul, erms, rtm, 3dnowpref, lzcnt, ht, tsc, tscinvbit, bmi1, bmi2, adx, fma

Memory: 4k page, physical 8388608k(164280k free)

vm_info: Java HotSpot(TM) 64-Bit Server VM (11.0.17+10-LTS-269) for bsd-amd64 JRE (11.0.17+10-LTS-269), built on Sep 13 2022 18:28:10 by "mach5one" with gcc 4.2.1 Compatible Apple LLVM 11.0.0 (clang-1100.0.33.17)

END.
